This file contains any messages produced by compilers while
running configure, to aid debugging if configure makes a mistake.

It was created by configure, which was
generated by GNU Autoconf 2.68.  Invocation command line was

  $ ./configure -prefix=/Users/duhaodong/Desktop/speexLibrary/libogg/i386 -host=i386-apple-darwin -build=x86_64-apple-darwin11.4.0 CC=xcrun“ -std=c99 -arch i386 -isysroot /Applications/Xcode.app/Contents/Developer/Platforms/iPhoneSimulator.platform/Developer/SDKs/iPhoneSimulator.sdk/

## --------- ##
## Platform. ##
## --------- ##

hostname = duhaodongdeMacBook-Pro.local
uname -m = x86_64
uname -r = 15.5.0
uname -s = Darwin
uname -v = Darwin Kernel Version 15.5.0: Tue Apr 19 18:36:36 PDT 2016; root:xnu-3248.50.21~8/RELEASE_X86_64

/usr/bin/uname -p = i386
/bin/uname -X     = unknown

/bin/arch              = unknown
/usr/bin/arch -k       = unknown
/usr/convex/getsysinfo = unknown
/usr/bin/hostinfo      = Mach kernel version:
	 Darwin Kernel Version 15.5.0: Tue Apr 19 18:36:36 PDT 2016; root:xnu-3248.50.21~8/RELEASE_X86_64
Kernel configured for up to 4 processors.
2 processors are physically available.
4 processors are logically available.
Processor type: x86_64h (Intel x86-64h Haswell)
Processors active: 0 1 2 3
Primary memory available: 8.00 gigabytes
Default processor set: 251 tasks, 1241 threads, 4 processors
Load average: 3.32, Mach factor: 1.78
/bin/machine           = unknown
/usr/bin/oslevel       = unknown
/bin/universe          = unknown

PATH: /Users/duhaodong/.rvm/gems/ruby-2.3.0/bin
PATH: /Users/duhaodong/.rvm/gems/ruby-2.3.0@global/bin
PATH: /Users/duhaodong/.rvm/rubies/ruby-2.3.0/bin
PATH: /Library/Frameworks/Python.framework/Versions/2.7/bin
PATH: /usr/local/bin
PATH: /usr/bin
PATH: /bin
PATH: /usr/sbin
PATH: /sbin
PATH: /Users/duhaodong/.rvm/bin
PATH: /Users/duhaodong/.rvm/bin


## ----------- ##
## Core tests. ##
## ----------- ##

configure:2413: checking for a BSD-compatible install
configure:2481: result: /usr/bin/install -c
configure:2492: checking whether build environment is sane
configure:2542: result: yes
configure:2591: checking for i386-apple-darwin-strip
configure:2621: result: no
configure:2631: checking for strip
configure:2647: found /usr/bin/strip
configure:2658: result: strip
configure:2670: WARNING: using cross tools not prefixed with host triplet
configure:2683: checking for a thread-safe mkdir -p
configure:2722: result: ./install-sh -c -d
configure:2735: checking for gawk
configure:2765: result: no
configure:2735: checking for mawk
configure:2765: result: no
configure:2735: checking for nawk
configure:2765: result: no
configure:2735: checking for awk
configure:2751: found /usr/bin/awk
configure:2762: result: awk
configure:2773: checking whether make sets $(MAKE)
configure:2795: result: yes
configure:2876: checking whether to enable maintainer-specific portions of Makefiles
configure:2885: result: no
configure:2915: checking for i386-apple-darwin-gcc
configure:2942: result: xcrun“ -std=c99 -arch i386 -isysroot /Applications/Xcode.app/Contents/Developer/Platforms/iPhoneSimulator.platform/Developer/SDKs/iPhoneSimulator.sdk/
configure:3211: checking for C compiler version
configure:3220: xcrun“ -std=c99 -arch i386 -isysroot /Applications/Xcode.app/Contents/Developer/Platforms/iPhoneSimulator.platform/Developer/SDKs/iPhoneSimulator.sdk/ --version >&5
./configure: line 3222: xcrun“: command not found
configure:3231: $? = 127
configure:3220: xcrun“ -std=c99 -arch i386 -isysroot /Applications/Xcode.app/Contents/Developer/Platforms/iPhoneSimulator.platform/Developer/SDKs/iPhoneSimulator.sdk/ -v >&5
./configure: line 3222: xcrun“: command not found
configure:3231: $? = 127
configure:3220: xcrun“ -std=c99 -arch i386 -isysroot /Applications/Xcode.app/Contents/Developer/Platforms/iPhoneSimulator.platform/Developer/SDKs/iPhoneSimulator.sdk/ -V >&5
./configure: line 3222: xcrun“: command not found
configure:3231: $? = 127
configure:3220: xcrun“ -std=c99 -arch i386 -isysroot /Applications/Xcode.app/Contents/Developer/Platforms/iPhoneSimulator.platform/Developer/SDKs/iPhoneSimulator.sdk/ -qversion >&5
./configure: line 3222: xcrun“: command not found
configure:3231: $? = 127
configure:3251: checking whether the C compiler works
configure:3273: xcrun“ -std=c99 -arch i386 -isysroot /Applications/Xcode.app/Contents/Developer/Platforms/iPhoneSimulator.platform/Developer/SDKs/iPhoneSimulator.sdk/    conftest.c  >&5
./configure: line 3275: xcrun“: command not found
configure:3277: $? = 127
configure:3315: result: no
configure: failed program was:
| /* confdefs.h */
| #define PACKAGE_NAME ""
| #define PACKAGE_TARNAME ""
| #define PACKAGE_VERSION ""
| #define PACKAGE_STRING ""
| #define PACKAGE_BUGREPORT ""
| #define PACKAGE_URL ""
| #define PACKAGE "libogg"
| #define VERSION "1.3.0"
| /* end confdefs.h.  */
| 
| int
| main ()
| {
| 
|   ;
|   return 0;
| }
configure:3320: error: in `/Users/duhaodong/Downloads/JZ/libogg-1.3.0':
configure:3322: error: C compiler cannot create executables
See `config.log' for more details

## ---------------- ##
## Cache variables. ##
## ---------------- ##

ac_cv_env_CC_set=set
ac_cv_env_CC_value='xcrun“ -std=c99 -arch i386 -isysroot /Applications/Xcode.app/Contents/Developer/Platforms/iPhoneSimulator.platform/Developer/SDKs/iPhoneSimulator.sdk/'
ac_cv_env_CFLAGS_set=
ac_cv_env_CFLAGS_value=
ac_cv_env_CPPFLAGS_set=
ac_cv_env_CPPFLAGS_value=
ac_cv_env_CPP_set=
ac_cv_env_CPP_value=
ac_cv_env_LDFLAGS_set=
ac_cv_env_LDFLAGS_value=
ac_cv_env_LIBS_set=
ac_cv_env_LIBS_value=
ac_cv_env_build_alias_set=set
ac_cv_env_build_alias_value=x86_64-apple-darwin11.4.0
ac_cv_env_host_alias_set=set
ac_cv_env_host_alias_value=i386-apple-darwin
ac_cv_env_target_alias_set=
ac_cv_env_target_alias_value=
ac_cv_path_install='/usr/bin/install -c'
ac_cv_prog_AWK=awk
ac_cv_prog_CC='xcrun“ -std=c99 -arch i386 -isysroot /Applications/Xcode.app/Contents/Developer/Platforms/iPhoneSimulator.platform/Developer/SDKs/iPhoneSimulator.sdk/'
ac_cv_prog_ac_ct_STRIP=strip
ac_cv_prog_make_make_set=yes

## ----------------- ##
## Output variables. ##
## ----------------- ##

ACLOCAL='${SHELL} /Users/duhaodong/Downloads/JZ/libogg-1.3.0/missing --run aclocal-1.11'
AMDEPBACKSLASH=''
AMDEP_FALSE=''
AMDEP_TRUE=''
AMTAR='${SHELL} /Users/duhaodong/Downloads/JZ/libogg-1.3.0/missing --run tar'
AR=''
AUTOCONF='${SHELL} /Users/duhaodong/Downloads/JZ/libogg-1.3.0/missing --run autoconf'
AUTOHEADER='${SHELL} /Users/duhaodong/Downloads/JZ/libogg-1.3.0/missing --run autoheader'
AUTOMAKE='${SHELL} /Users/duhaodong/Downloads/JZ/libogg-1.3.0/missing --run automake-1.11'
AWK='awk'
CC='xcrun“ -std=c99 -arch i386 -isysroot /Applications/Xcode.app/Contents/Developer/Platforms/iPhoneSimulator.platform/Developer/SDKs/iPhoneSimulator.sdk/'
CCDEPMODE=''
CFLAGS=''
CPP=''
CPPFLAGS=''
CYGPATH_W='echo'
DEBUG=''
DEFS=''
DEPDIR=''
DLLTOOL=''
DSYMUTIL=''
DUMPBIN=''
ECHO_C='\c'
ECHO_N=''
ECHO_T=''
EGREP=''
EXEEXT=''
FGREP=''
GREP=''
INCLUDE_INTTYPES_H=''
INCLUDE_STDINT_H=''
INCLUDE_SYS_TYPES_H=''
INSTALL_DATA='${INSTALL} -m 644'
INSTALL_PROGRAM='${INSTALL}'
INSTALL_SCRIPT='${INSTALL}'
INSTALL_STRIP_PROGRAM='$(install_sh) -c -s'
LD=''
LDFLAGS=''
LIBOBJS=''
LIBS=''
LIBTOOL=''
LIBTOOL_DEPS=''
LIB_AGE='8'
LIB_CURRENT='8'
LIB_REVISION='0'
LIPO=''
LN_S=''
LTLIBOBJS=''
MAINT='#'
MAINTAINER_MODE_FALSE=''
MAINTAINER_MODE_TRUE='#'
MAKEINFO='${SHELL} /Users/duhaodong/Downloads/JZ/libogg-1.3.0/missing --run makeinfo'
MANIFEST_TOOL=''
MKDIR_P='./install-sh -c -d'
NM=''
NMEDIT=''
OBJDUMP=''
OBJEXT=''
OPT=''
OTOOL64=''
OTOOL=''
PACKAGE='libogg'
PACKAGE_BUGREPORT=''
PACKAGE_NAME=''
PACKAGE_STRING=''
PACKAGE_TARNAME=''
PACKAGE_URL=''
PACKAGE_VERSION=''
PATH_SEPARATOR=':'
PROFILE=''
RANLIB=''
SED=''
SET_MAKE=''
SHELL='/bin/sh'
SIZE16=''
SIZE32=''
SIZE64=''
STRIP='strip'
USIZE16=''
USIZE32=''
VERSION='1.3.0'
ac_ct_AR=''
ac_ct_CC=''
ac_ct_DUMPBIN=''
am__EXEEXT_FALSE=''
am__EXEEXT_TRUE=''
am__fastdepCC_FALSE=''
am__fastdepCC_TRUE=''
am__include=''
am__isrc=''
am__leading_dot='.'
am__quote=''
am__tar='${AMTAR} chof - "$$tardir"'
am__untar='${AMTAR} xf -'
bindir='${exec_prefix}/bin'
build='x86_64-apple-darwin11.4.0'
build_alias='x86_64-apple-darwin11.4.0'
build_cpu=''
build_os=''
build_vendor=''
datadir='${datarootdir}'
datarootdir='${prefix}/share'
docdir='${datarootdir}/doc/${PACKAGE}'
dvidir='${docdir}'
exec_prefix='NONE'
host='i386-apple-darwin'
host_alias='i386-apple-darwin'
host_cpu=''
host_os=''
host_vendor=''
htmldir='${docdir}'
includedir='${prefix}/include'
infodir='${datarootdir}/info'
install_sh='${SHELL} /Users/duhaodong/Downloads/JZ/libogg-1.3.0/install-sh'
libdir='${exec_prefix}/lib'
libexecdir='${exec_prefix}/libexec'
localedir='${datarootdir}/locale'
localstatedir='${prefix}/var'
mandir='${datarootdir}/man'
mkdir_p='$(top_builddir)/./install-sh -c -d'
oldincludedir='/usr/include'
pdfdir='${docdir}'
prefix='/Users/duhaodong/Desktop/speexLibrary/libogg/i386'
program_transform_name='s,x,x,'
psdir='${docdir}'
sbindir='${exec_prefix}/sbin'
sharedstatedir='${prefix}/com'
sysconfdir='${prefix}/etc'
target_alias=''

## ----------- ##
## confdefs.h. ##
## ----------- ##

/* confdefs.h */
#define PACKAGE_NAME ""
#define PACKAGE_TARNAME ""
#define PACKAGE_VERSION ""
#define PACKAGE_STRING ""
#define PACKAGE_BUGREPORT ""
#define PACKAGE_URL ""
#define PACKAGE "libogg"
#define VERSION "1.3.0"

configure: exit 77
